<?xml version="1.0" encoding="UTF-8"?>
<testsuite name="OnlineShopApiTest" tests="5" skipped="0" failures="0" errors="0" timestamp="2021-03-09T13:29:44" hostname="DESKTOP-EU9078K" time="7.653">
  <properties/>
  <testcase name="deleteNewOwners_throughID_ShouldDisplayDeletedId()" classname="OnlineShopApiTest" time="4.801">
    <system-out><![CDATA[18:59:45.949 - [OnlineShopApiClient] INFO  : Initiated petclinic.api.onlineShop.data.OnlineShopApiClient instance
18:59:45.961 - [ApiCaller] INFO  : Request:
Request URI:	http://petclinicapi.e46708b92c054086909b.eastus.aksapp.io/petclinic/api/shop/clearcart
Body:			<none>
18:59:48.246 - [ApiCaller] INFO  : Response:
HTTP/1.1 200 
Cart empty.
]]></system-out>
    <system-err><![CDATA[]]></system-err>
  </testcase>
  <testcase name="getProducts_Count()" classname="OnlineShopApiTest" time="0.72">
    <system-out><![CDATA[18:59:49.100 - [OnlineShopApiClient] INFO  : Initiated petclinic.api.onlineShop.data.OnlineShopApiClient instance
18:59:49.100 - [ApiCaller] INFO  : Request:
Request URI:	http://petclinicapi.e46708b92c054086909b.eastus.aksapp.io/petclinic/api/shop/getproducts
Body:			<none>
18:59:49.734 - [ApiCaller] INFO  : Response:
HTTP/1.1 200 
[{"id":1,"name":"Kennel Kitchen","amount":635.00,"currency":"$"},{"id":2,"name":"Velcote Liquid","amount":318.00,"currency":"$"},{"id":3,"name":"Pedigree PRO","amount":923.00,"currency":"$"},{"id":4,"name":"Velcote Premium","amount":318.00,"currency":"$"},{"id":5,"name":"Mantra Kismis","amount":63.00,"currency":"$"},{"id":6,"name":"Haldiram Noodles","amount":320.00,"currency":"$"},{"id":7,"name":"Bingo Mad Angles ","amount":912.00,"currency":"$"},{"id":8,"name":"Bikani Rasogolla","amount":318.00,"currency":"$"}]
Available products count : 8
]]></system-out>
    <system-err><![CDATA[]]></system-err>
  </testcase>
  <testcase name="getProducts_List1()" classname="OnlineShopApiTest" time="0.83">
    <system-out><![CDATA[18:59:49.827 - [OnlineShopApiClient] INFO  : Initiated petclinic.api.onlineShop.data.OnlineShopApiClient instance
18:59:49.832 - [ApiCaller] INFO  : Request:
Request URI:	http://petclinicapi.e46708b92c054086909b.eastus.aksapp.io/petclinic/api/shop/getproducts
Body:			<none>
18:59:50.421 - [ApiCaller] INFO  : Response:
HTTP/1.1 200 
[{"id":1,"name":"Kennel Kitchen","amount":635.00,"currency":"$"},{"id":2,"name":"Velcote Liquid","amount":318.00,"currency":"$"},{"id":3,"name":"Pedigree PRO","amount":923.00,"currency":"$"},{"id":4,"name":"Velcote Premium","amount":318.00,"currency":"$"},{"id":5,"name":"Mantra Kismis","amount":63.00,"currency":"$"},{"id":6,"name":"Haldiram Noodles","amount":320.00,"currency":"$"},{"id":7,"name":"Bingo Mad Angles ","amount":912.00,"currency":"$"},{"id":8,"name":"Bikani Rasogolla","amount":318.00,"currency":"$"}]
Available product details at Index 2Response{name='Velcote Liquid', currency='$', id=2, amount='318.00'}
]]></system-out>
    <system-err><![CDATA[]]></system-err>
  </testcase>
  <testcase name="createAddProducts_Cart()" classname="OnlineShopApiTest" time="0.636">
    <system-out><![CDATA[18:59:50.659 - [OnlineShopApiClient] INFO  : Initiated petclinic.api.onlineShop.data.OnlineShopApiClient instance
18:59:50.670 - [ApiCaller] INFO  : Request:
Request URI:	http://petclinicapi.e46708b92c054086909b.eastus.aksapp.io/petclinic/api/shop/addtocart
Body:
{"name":"ball","currency":"$","id":"24","amount":"100.00"}
18:59:51.286 - [ApiCaller] INFO  : Response:
HTTP/1.1 200 
{"id":24,"name":"ball","amount":100.00,"quantity":1,"currency":"$"}
]]></system-out>
    <system-err><![CDATA[]]></system-err>
  </testcase>
  <testcase name="getProducts()" classname="OnlineShopApiTest" time="0.644">
    <system-out><![CDATA[18:59:51.300 - [OnlineShopApiClient] INFO  : Initiated petclinic.api.onlineShop.data.OnlineShopApiClient instance
18:59:51.300 - [ApiCaller] INFO  : Request:
Request URI:	http://petclinicapi.e46708b92c054086909b.eastus.aksapp.io/petclinic/api/shop/getproducts
Body:			<none>
18:59:51.937 - [ApiCaller] INFO  : Response:
HTTP/1.1 200 
[{"id":1,"name":"Kennel Kitchen","amount":635.00,"currency":"$"},{"id":2,"name":"Velcote Liquid","amount":318.00,"currency":"$"},{"id":3,"name":"Pedigree PRO","amount":923.00,"currency":"$"},{"id":4,"name":"Velcote Premium","amount":318.00,"currency":"$"},{"id":5,"name":"Mantra Kismis","amount":63.00,"currency":"$"},{"id":6,"name":"Haldiram Noodles","amount":320.00,"currency":"$"},{"id":7,"name":"Bingo Mad Angles ","amount":912.00,"currency":"$"},{"id":8,"name":"Bikani Rasogolla","amount":318.00,"currency":"$"}]
Status Code is: 200
]]></system-out>
    <system-err><![CDATA[]]></system-err>
  </testcase>
  <system-out><![CDATA[]]></system-out>
  <system-err><![CDATA[]]></system-err>
</testsuite>
